        -:    0:Source:cardtest4.c
        -:    0:Graph:cardtest4.gcno
        -:    0:Data:cardtest4.gcda
        -:    0:Runs:3
        -:    0:Programs:1
        -:    1:/*
        -:    2: * cardtest4.c
        -:    3: *
        -:    4: 
        -:    5: */
        -:    6:
        -:    7:/*
        -:    8: * Include the following lines in your makefile:
        -:    9: *
        -:   10: * cardtest4: cardtest4.c dominion.o rngs.o
        -:   11: *      gcc -o cardtest1 -g  cardtest4.c dominion.o rngs.o $(CFLAGS)
        -:   12: */
        -:   13:
        -:   14:
        -:   15:#include "dominion.h"
        -:   16:#include "dominion_helpers.h"
        -:   17:#include <string.h>
        -:   18:#include <stdio.h>
        -:   19:#include <assert.h>
        -:   20:#include "rngs.h"
        -:   21:#include <stdlib.h>
        -:   22:
        -:   23:#define TESTCARD "steward"
        -:   24:
function main called 3 returned 100% blocks executed 85%
        3:   25:int main() {
        3:   26:    int newCards = 0;
        3:   27:    int discarded = 1;
        3:   28:    int xtraCoins = 0;
        3:   29:    int shuffledCards = 0;
        -:   30:
        -:   31:    int i, j, m;
        3:   32:    int handpos = 0, choice1 = 0, choice2 = 0, choice3 = 0, bonus = 0;
        -:   33:    int remove1, remove2;
        3:   34:    int seed = 1000;
        3:   35:    int numPlayers = 2;
        3:   36:    int thisPlayer = 0;
        -:   37:	struct gameState G, testG;
        3:   38:	int k[10] = {adventurer, embargo, village, minion, mine, cutpurse,
        -:   39:			sea_hag, tribute, smithy, council_room};
        -:   40:
        -:   41:	// initialize a game state and player cards
        3:   42:	initializeGame(numPlayers, k, seed, &G);
call    0 returned 100%
        -:   43:
        3:   44:	printf("----------------- Testing Card: %s ----------------\n", TESTCARD);
call    0 returned 100%
        -:   45:
        -:   46:	// ----------- TEST 1: choice1 = 1 = +2 cards --------------
        3:   47:	printf("TEST 1: choice1 = 1 = +2 cards\n");
call    0 returned 100%
        -:   48:
        -:   49:	// copy the game state to a test case
        3:   50:	memcpy(&testG, &G, sizeof(struct gameState));
        3:   51:	choice1 = 1;
        3:   52:	cardEffect(steward, choice1, choice2, choice3, &testG, handpos, &bonus);
call    0 returned 100%
        -:   53:
        3:   54:	newCards = 2;
        3:   55:	xtraCoins = 0;
        3:   56:	printf("hand count = %d, expected = %d\n", testG.handCount[thisPlayer], G.handCount[thisPlayer] + newCards - discarded);
call    0 returned 100%
        3:   57:	printf("deck count = %d, expected = %d\n", testG.deckCount[thisPlayer], G.deckCount[thisPlayer] - newCards + shuffledCards);
call    0 returned 100%
        3:   58:	printf("coins = %d, expected = %d\n", testG.coins, G.coins + xtraCoins);
call    0 returned 100%
        3:   59:	assert(testG.handCount[thisPlayer] == G.handCount[thisPlayer] + newCards - discarded);
branch  0 taken 0% (fallthrough)
branch  1 taken 100%
call    2 never executed
        3:   60:	assert(testG.deckCount[thisPlayer] == G.deckCount[thisPlayer] - newCards + shuffledCards);
branch  0 taken 0% (fallthrough)
branch  1 taken 100%
call    2 never executed
        3:   61:	assert(testG.coins == G.coins + xtraCoins);
branch  0 taken 0% (fallthrough)
branch  1 taken 100%
call    2 never executed
        -:   62:
        -:   63:	// ----------- TEST 2: choice1 = 2 = +2 coins --------------
        3:   64:	printf("TEST 2: choice1 = 2 = +2 coins\n");
call    0 returned 100%
        -:   65:
        -:   66:	// copy the game state to a test case
        3:   67:	memcpy(&testG, &G, sizeof(struct gameState));
        3:   68:	choice1 = 2;
        3:   69:	cardEffect(steward, choice1, choice2, choice3, &testG, handpos, &bonus);
call    0 returned 100%
        -:   70:
        3:   71:	newCards = 0;
        3:   72:	xtraCoins = 2;
        3:   73:	printf("hand count = %d, expected = %d\n", testG.handCount[thisPlayer], G.handCount[thisPlayer] + newCards - discarded);
call    0 returned 100%
        3:   74:	printf("deck count = %d, expected = %d\n", testG.deckCount[thisPlayer], G.deckCount[thisPlayer] - newCards + shuffledCards);
call    0 returned 100%
        3:   75:	printf("coins = %d, expected = %d\n", testG.coins, G.coins + xtraCoins);
call    0 returned 100%
        3:   76:	assert(testG.handCount[thisPlayer] == G.handCount[thisPlayer] + newCards - discarded);
branch  0 taken 0% (fallthrough)
branch  1 taken 100%
call    2 never executed
        3:   77:	assert(testG.deckCount[thisPlayer] == G.deckCount[thisPlayer] - newCards + shuffledCards);
branch  0 taken 0% (fallthrough)
branch  1 taken 100%
call    2 never executed
        3:   78:	assert(testG.coins == G.coins + xtraCoins);
branch  0 taken 0% (fallthrough)
branch  1 taken 100%
call    2 never executed
        -:   79:
        -:   80:	// ----------- TEST 3: choice1 = 3 = trash two cards --------------
        -:   81:
        3:   82:	printf("TEST 3: choice1 = 3 = trash two cards\n");
call    0 returned 100%
        3:   83:	choice1 = 3;
        -:   84:
        -:   85:	// cycle through each eligible combination of 2 cards to trash
       15:   86:	for (i=1; i<G.handCount[thisPlayer]; i++) {
branch  0 taken 80%
branch  1 taken 20% (fallthrough)
       30:   87:		for (j=i+1; j<G.handCount[thisPlayer]; j++) {
branch  0 taken 60%
branch  1 taken 40% (fallthrough)
        -:   88:
       18:   89:			G.hand[thisPlayer][0] = steward;
       18:   90:			G.hand[thisPlayer][1] = copper;
       18:   91:			G.hand[thisPlayer][2] = duchy;
       18:   92:			G.hand[thisPlayer][3] = estate;
       18:   93:			G.hand[thisPlayer][4] = feast;
        -:   94:
        -:   95:			// copy the game state to a test case
       18:   96:			memcpy(&testG, &G, sizeof(struct gameState));
        -:   97:
       18:   98:			printf("starting cards: ");
call    0 returned 100%
      108:   99:			for (m=0; m<testG.handCount[thisPlayer]; m++) {
branch  0 taken 83%
branch  1 taken 17% (fallthrough)
       90:  100:				printf("(%d)", testG.hand[thisPlayer][m]);
call    0 returned 100%
        -:  101:			}
       18:  102:			printf("; ");
call    0 returned 100%
        -:  103:
       18:  104:			choice2 = j;
       18:  105:			choice3 = i;
       18:  106:			remove1 = testG.hand[thisPlayer][i];
       18:  107:			remove2 = testG.hand[thisPlayer][j];
       18:  108:			cardEffect(steward, choice1, choice2, choice3, &testG, handpos, &bonus);
call    0 returned 100%
        -:  109:
       18:  110:			printf("removed: (%d)(%d); ", remove1, remove2);
call    0 returned 100%
       18:  111:			printf("ending cards: ");
call    0 returned 100%
        -:  112:
        -:  113:			// tests that the removed cards are no longer in the player's hand
       54:  114:			for (m=0; m<testG.handCount[thisPlayer]; m++) {
branch  0 taken 67%
branch  1 taken 33% (fallthrough)
       36:  115:				printf("(%d)", testG.hand[thisPlayer][m]);
call    0 returned 100%
       36:  116:				assert(testG.hand[thisPlayer][m] != remove1);
branch  0 taken 0% (fallthrough)
branch  1 taken 100%
call    2 never executed
       36:  117:				assert(testG.hand[thisPlayer][m] != remove2);
branch  0 taken 0% (fallthrough)
branch  1 taken 100%
call    2 never executed
        -:  118:			}
       18:  119:			printf(", expected: ");
call    0 returned 100%
       90:  120:			for (m=1; m<G.handCount[thisPlayer]; m++) {
branch  0 taken 80%
branch  1 taken 20% (fallthrough)
       72:  121:				if (G.hand[thisPlayer][m] != G.hand[thisPlayer][i] && G.hand[thisPlayer][m] != G.hand[thisPlayer][j]) {
branch  0 taken 75% (fallthrough)
branch  1 taken 25%
branch  2 taken 67% (fallthrough)
branch  3 taken 33%
       36:  122:					printf("(%d)", G.hand[thisPlayer][m]);
call    0 returned 100%
        -:  123:				}
        -:  124:			}
       18:  125:			printf("\n");
call    0 returned 100%
        -:  126:
        -:  127:			// tests for the appropriate number of remaining cards
       18:  128:			newCards = 0;
       18:  129:			xtraCoins = 0;
       18:  130:			discarded = 3;
       18:  131:			if (i==1 && j==2) {
branch  0 taken 50% (fallthrough)
branch  1 taken 50%
branch  2 taken 33% (fallthrough)
branch  3 taken 67%
        3:  132:				printf("hand count = %d, expected = %d\n", testG.handCount[thisPlayer], G.handCount[thisPlayer] + newCards - discarded);
call    0 returned 100%
        3:  133:				printf("deck count = %d, expected = %d\n", testG.deckCount[thisPlayer], G.deckCount[thisPlayer] - newCards + shuffledCards);
call    0 returned 100%
        -:  134:			}
       18:  135:			assert(testG.handCount[thisPlayer] == G.handCount[thisPlayer] + newCards - discarded);
branch  0 taken 0% (fallthrough)
branch  1 taken 100%
call    2 never executed
       18:  136:			assert(testG.deckCount[thisPlayer] == G.deckCount[thisPlayer] - newCards + shuffledCards);
branch  0 taken 0% (fallthrough)
branch  1 taken 100%
call    2 never executed
        -:  137:		}
        -:  138:
        -:  139:	}
        -:  140:
        3:  141:	printf("\n >>>>> SUCCESS: Testing complete %s <<<<<\n\n", TESTCARD);
call    0 returned 100%
        -:  142:
        -:  143:
        3:  144:	return 0;
        -:  145:}
        -:  146:
